<?xml version="1.0" encoding="UTF-8"?>
<!-- Generated by org.testng.reporters.JUnitReportReporter -->
<testsuite skipped="0" hostname="LAPTOP-SIGT1BQ1" name="Academy.HomePage" tests="2" failures="0" timestamp="02 May 2020 06:09:38 GMT" time="24.575" errors="0">
  <testcase name="basePageNavigation" time="8.234" classname="Academy.HomePage"/>
  <testcase name="basePageNavigation" time="16.341" classname="Academy.HomePage"/>
</testsuite> <!-- Academy.HomePage -->
