<?xml version="1.0" encoding="UTF-8"?>
<!-- Generated by org.testng.reporters.JUnitReportReporter -->
<testsuite skipped="0" hostname="LAPTOP-SIGT1BQ1" name="Academy.VerifyNavigationBar" tests="1" failures="0" timestamp="02 May 2020 06:09:38 GMT" time="0.134" errors="0">
  <testcase name="basePageNavigation" time="0.134" classname="Academy.VerifyNavigationBar"/>
</testsuite> <!-- Academy.VerifyNavigationBar -->
